<?xml version="1.0" encoding="UTF-8"?>
<robot generator="Robot 3.1.2 (Python 3.8.1 on win32)" generated="20200210 14:06:58.383" rpa="false">
<suite id="s1" name="PremiereSuite" source="C:\Users\Administrateur\eclipse-workspace\RobotFrameWork\test\PremiereSuite.robot">
<test id="s1-t1" name="CasDeTest1">
<kw name="Open Browser" library="SeleniumLibrary">
<doc>Opens a new browser instance to the optional ``url``.</doc>
<arguments>
<arg>https://google.com</arg>
<arg>Chrome</arg>
</arguments>
<msg timestamp="20200210 14:06:58.560" level="INFO">Opening browser 'Chrome' to base url 'https://google.com'.</msg>
<status status="PASS" starttime="20200210 14:06:58.560" endtime="20200210 14:07:08.138"></status>
</kw>
<kw name="Log" library="BuiltIn">
<doc>Logs the given message with the given level.</doc>
<arguments>
<arg>Premier cas de test</arg>
</arguments>
<msg timestamp="20200210 14:07:08.139" level="INFO">Premier cas de test</msg>
<status status="PASS" starttime="20200210 14:07:08.139" endtime="20200210 14:07:08.139"></status>
</kw>
<kw name="Close Browser" library="SeleniumLibrary">
<doc>Closes the current browser.</doc>
<status status="PASS" starttime="20200210 14:07:08.139" endtime="20200210 14:07:10.227"></status>
</kw>
<status status="PASS" starttime="20200210 14:06:58.560" endtime="20200210 14:07:10.227" critical="yes"></status>
</test>
<test id="s1-t2" name="CasDeTest2">
<kw name="Log" library="BuiltIn">
<doc>Logs the given message with the given level.</doc>
<arguments>
<arg>deuxieme cas de test</arg>
</arguments>
<msg timestamp="20200210 14:07:10.230" level="INFO">deuxieme cas de test</msg>
<status status="PASS" starttime="20200210 14:07:10.229" endtime="20200210 14:07:10.230"></status>
</kw>
<status status="PASS" starttime="20200210 14:07:10.229" endtime="20200210 14:07:10.230" critical="yes"></status>
</test>
<status status="PASS" starttime="20200210 14:06:58.385" endtime="20200210 14:07:10.231"></status>
</suite>
<statistics>
<total>
<stat pass="2" fail="0">Critical Tests</stat>
<stat pass="2" fail="0">All Tests</stat>
</total>
<tag>
</tag>
<suite>
<stat pass="2" fail="0" id="s1" name="PremiereSuite">PremiereSuite</stat>
</suite>
</statistics>
<errors>
</errors>
</robot>
