<?xml version="1.0" encoding="UTF-8"?>
<robot generator="Robot 3.1.2 (Python 3.8.1 on win32)" generated="20200210 13:21:47.029" rpa="false">
<suite id="s1" name="PremiereSuite" source="C:\Users\Administrateur\eclipse-workspace\RobotFrameWork\test\PremiereSuite.robot">
<test id="s1-t1" name="CasDeTest1">
<kw name="Open Browser" library="SeleniumLibrary">
<doc>Opens a new browser instance to the optional ``url``.</doc>
<arguments>
<arg>https://google.com</arg>
<arg>Chrome</arg>
</arguments>
<msg timestamp="20200210 13:21:48.037" level="INFO">Opening browser 'Chrome' to base url 'https://google.com'.</msg>
<status status="PASS" starttime="20200210 13:21:48.037" endtime="20200210 13:21:53.636"></status>
</kw>
<kw name="Close Browser" library="SeleniumLibrary">
<doc>Closes the current browser.</doc>
<status status="PASS" starttime="20200210 13:21:53.637" endtime="20200210 13:21:55.738"></status>
</kw>
<status status="PASS" starttime="20200210 13:21:48.036" endtime="20200210 13:21:55.739" critical="yes"></status>
</test>
<status status="PASS" starttime="20200210 13:21:47.030" endtime="20200210 13:21:55.741"></status>
</suite>
<statistics>
<total>
<stat pass="1" fail="0">Critical Tests</stat>
<stat pass="1" fail="0">All Tests</stat>
</total>
<tag>
</tag>
<suite>
<stat pass="1" fail="0" id="s1" name="PremiereSuite">PremiereSuite</stat>
</suite>
</statistics>
<errors>
</errors>
</robot>
